TN:
SF:controllers\categoryController.js
FN:4,(anonymous_0)
FN:42,(anonymous_1)
FN:58,(anonymous_2)
FN:82,(anonymous_3)
FN:117,(anonymous_4)
FNF:5
FNH:5
FNDA:4,(anonymous_0)
FNDA:2,(anonymous_1)
FNDA:3,(anonymous_2)
FNDA:4,(anonymous_3)
FNDA:3,(anonymous_4)
DA:1,1
DA:3,1
DA:5,4
DA:6,4
DA:8,4
DA:9,1
DA:15,3
DA:22,1
DA:27,2
DA:28,1
DA:34,1
DA:43,2
DA:44,2
DA:45,1
DA:50,1
DA:59,3
DA:60,3
DA:62,2
DA:63,1
DA:69,1
DA:74,1
DA:83,4
DA:84,4
DA:90,2
DA:91,1
DA:97,1
DA:102,2
DA:103,1
DA:109,1
DA:118,3
DA:119,3
DA:121,2
DA:122,1
DA:128,1
DA:133,1
DA:142,1
LF:36
LH:36
BRDA:8,0,0,1
BRDA:8,0,1,3
BRDA:27,1,0,1
BRDA:27,1,1,1
BRDA:62,2,0,1
BRDA:62,2,1,1
BRDA:90,3,0,1
BRDA:90,3,1,1
BRDA:102,4,0,1
BRDA:102,4,1,1
BRDA:121,5,0,1
BRDA:121,5,1,1
BRF:12
BRH:12
end_of_record
TN:
SF:controllers\transactionController.js
FN:5,(anonymous_0)
FN:70,(anonymous_1)
FN:122,(anonymous_2)
FN:150,(anonymous_3)
FN:193,(anonymous_4)
FN:219,(anonymous_5)
FN:245,(anonymous_6)
FNF:7
FNH:7
FNDA:4,(anonymous_0)
FNDA:3,(anonymous_1)
FNDA:2,(anonymous_2)
FNDA:2,(anonymous_3)
FNDA:2,(anonymous_4)
FNDA:2,(anonymous_5)
FNDA:2,(anonymous_6)
DA:1,1
DA:2,1
DA:3,1
DA:5,1
DA:6,4
DA:7,4
DA:8,4
DA:9,4
DA:11,4
DA:15,4
DA:16,1
DA:17,1
DA:24,3
DA:25,1
DA:26,1
DA:33,2
DA:44,2
DA:45,2
DA:51,2
DA:53,2
DA:60,0
DA:61,0
DA:66,4
DA:70,1
DA:71,3
DA:80,3
DA:82,3
DA:84,3
DA:85,3
DA:88,3
DA:89,1
DA:90,1
DA:91,1
DA:94,3
DA:96,3
DA:101,3
DA:103,3
DA:115,0
DA:122,1
DA:123,2
DA:124,2
DA:129,2
DA:130,1
DA:136,1
DA:143,0
DA:150,1
DA:151,2
DA:152,2
DA:154,2
DA:172,2
DA:173,1
DA:179,1
DA:186,0
DA:193,1
DA:194,2
DA:195,2
DA:200,2
DA:201,1
DA:207,1
DA:212,0
DA:219,1
DA:220,2
DA:221,2
DA:223,2
DA:225,2
DA:226,2
DA:228,2
DA:229,1
DA:230,1
DA:231,1
DA:234,2
DA:245,2
DA:246,2
DA:250,2
DA:254,2
DA:268,2
DA:276,0
LF:77
LH:70
BRDA:15,0,0,1
BRDA:15,0,1,3
BRDA:24,1,0,1
BRDA:24,1,1,2
BRDA:24,2,0,3
BRDA:24,2,1,2
BRDA:37,3,0,2
BRDA:37,3,1,0
BRDA:40,4,0,2
BRDA:40,4,1,2
BRDA:44,5,0,1
BRDA:44,5,1,1
BRDA:77,6,0,2
BRDA:78,7,0,2
BRDA:79,8,0,3
BRDA:84,9,0,1
BRDA:84,9,1,2
BRDA:85,10,0,1
BRDA:85,10,1,2
BRDA:88,11,0,1
BRDA:88,11,1,2
BRDA:88,12,0,3
BRDA:88,12,1,2
BRDA:90,13,0,1
BRDA:90,13,1,0
BRDA:91,14,0,1
BRDA:91,14,1,0
BRDA:129,15,0,1
BRDA:129,15,1,1
BRDA:164,16,0,2
BRDA:164,16,1,2
BRDA:172,17,0,1
BRDA:172,17,1,1
BRDA:200,18,0,1
BRDA:200,18,1,1
BRDA:225,19,0,0
BRDA:225,19,1,2
BRDA:226,20,0,0
BRDA:226,20,1,2
BRDA:228,21,0,1
BRDA:228,21,1,1
BRDA:228,22,0,2
BRDA:228,22,1,1
BRDA:230,23,0,1
BRDA:230,23,1,0
BRDA:231,24,0,1
BRDA:231,24,1,0
BRF:47
BRH:40
end_of_record
TN:
SF:controllers\userController.js
FN:7,(anonymous_0)
FN:13,(anonymous_1)
FN:151,(anonymous_2)
FN:176,(anonymous_3)
FN:216,(anonymous_4)
FN:272,(anonymous_5)
FNF:6
FNH:6
FNDA:2,(anonymous_0)
FNDA:3,(anonymous_1)
FNDA:2,(anonymous_2)
FNDA:2,(anonymous_3)
FNDA:2,(anonymous_4)
FNDA:1,(anonymous_5)
DA:1,1
DA:2,1
DA:3,1
DA:4,1
DA:5,1
DA:7,1
DA:8,2
DA:13,1
DA:14,3
DA:15,3
DA:18,3
DA:19,1
DA:26,2
DA:27,2
DA:28,1
DA:35,1
DA:36,1
DA:38,1
DA:40,1
DA:47,1
DA:56,1
DA:132,1
DA:135,1
DA:138,1
DA:151,2
DA:161,0
DA:162,0
DA:165,1
DA:168,0
DA:169,0
DA:176,1
DA:177,2
DA:178,2
DA:180,2
DA:181,0
DA:187,2
DA:188,2
DA:189,1
DA:195,1
DA:197,1
DA:209,0
DA:216,1
DA:217,2
DA:218,2
DA:219,2
DA:222,2
DA:223,1
DA:227,2
DA:228,1
DA:230,1
DA:231,0
DA:237,1
DA:238,0
DA:244,1
DA:245,1
DA:248,2
DA:254,2
DA:265,0
DA:272,1
DA:273,1
DA:274,1
DA:276,1
DA:287,0
LF:63
LH:53
BRDA:9,0,0,2
BRDA:9,0,1,0
BRDA:18,1,0,1
BRDA:18,1,1,2
BRDA:18,2,0,3
BRDA:18,2,1,3
BRDA:18,2,2,2
BRDA:27,3,0,1
BRDA:27,3,1,1
BRDA:171,4,0,0
BRDA:171,4,1,0
BRDA:180,5,0,0
BRDA:180,5,1,2
BRDA:180,6,0,2
BRDA:180,6,1,2
BRDA:188,7,0,1
BRDA:188,7,1,1
BRDA:188,8,0,2
BRDA:188,8,1,2
BRDA:222,9,0,1
BRDA:222,9,1,1
BRDA:227,10,0,1
BRDA:227,10,1,1
BRDA:227,11,0,2
BRDA:227,11,1,1
BRDA:230,12,0,0
BRDA:230,12,1,1
BRDA:237,13,0,0
BRDA:237,13,1,1
BRF:29
BRH:23
end_of_record
TN:
SF:controllers\walletController.js
FN:6,(anonymous_0)
FN:45,(anonymous_1)
FN:63,(anonymous_2)
FN:91,(anonymous_3)
FN:127,(anonymous_4)
FN:184,(anonymous_5)
FNF:6
FNH:6
FNDA:3,(anonymous_0)
FNDA:1,(anonymous_1)
FNDA:2,(anonymous_2)
FNDA:2,(anonymous_3)
FNDA:3,(anonymous_4)
FNDA:3,(anonymous_5)
DA:1,1
DA:2,1
DA:3,1
DA:4,1
DA:6,1
DA:7,3
DA:8,3
DA:11,3
DA:12,1
DA:18,2
DA:23,2
DA:31,2
DA:38,0
DA:45,1
DA:46,1
DA:47,1
DA:49,1
DA:56,0
DA:63,1
DA:64,2
DA:65,2
DA:70,2
DA:71,1
DA:77,1
DA:84,0
DA:91,1
DA:92,2
DA:93,2
DA:95,2
DA:100,2
DA:101,1
DA:107,1
DA:108,1
DA:109,1
DA:111,1
DA:113,1
DA:120,0
DA:127,1
DA:128,3
DA:129,3
DA:131,3
DA:132,3
DA:137,3
DA:138,0
DA:139,0
DA:145,3
DA:146,1
DA:147,1
DA:154,2
DA:158,2
DA:159,1
DA:160,1
DA:166,1
DA:167,1
DA:169,1
DA:174,0
DA:175,0
DA:180,3
DA:184,1
DA:185,3
DA:186,3
DA:191,3
DA:192,1
DA:199,2
DA:215,2
DA:230,2
DA:239,0
LF:67
LH:58
BRDA:11,0,0,1
BRDA:11,0,1,2
BRDA:11,1,0,3
BRDA:11,1,1,2
BRDA:70,2,0,1
BRDA:70,2,1,1
BRDA:100,3,0,1
BRDA:100,3,1,1
BRDA:107,4,0,1
BRDA:107,4,1,0
BRDA:108,5,0,1
BRDA:108,5,1,0
BRDA:109,6,0,1
BRDA:109,6,1,0
BRDA:137,7,0,0
BRDA:137,7,1,3
BRDA:145,8,0,1
BRDA:145,8,1,2
BRDA:158,9,0,1
BRDA:158,9,1,1
BRDA:191,10,0,1
BRDA:191,10,1,2
BRDA:234,11,0,2
BRDA:234,11,1,1
BRDA:235,12,0,2
BRDA:235,12,1,1
BRF:26
BRH:22
end_of_record
TN:
SF:models\categoryModel.js
FN:50,(anonymous_0)
FNF:1
FNH:0
FNDA:0,(anonymous_0)
DA:1,2
DA:3,2
DA:50,2
DA:51,0
DA:52,0
DA:55,2
DA:56,2
LF:7
LH:5
BRF:0
BRH:0
end_of_record
TN:
SF:models\userModel.js
FN:12,(anonymous_0)
FN:36,(anonymous_1)
FN:48,(anonymous_2)
FNF:3
FNH:0
FNDA:0,(anonymous_0)
FNDA:0,(anonymous_1)
FNDA:0,(anonymous_2)
DA:1,1
DA:2,1
DA:4,1
DA:13,0
DA:36,1
DA:37,0
DA:39,0
DA:40,0
DA:41,0
DA:42,0
DA:44,0
DA:48,1
DA:49,0
DA:52,1
DA:53,1
LF:15
LH:7
BRDA:37,0,0,0
BRDA:37,0,1,0
BRF:2
BRH:0
end_of_record
TN:
SF:models\walletModel.js
FN:45,(anonymous_0)
FN:56,(anonymous_1)
FNF:2
FNH:0
FNDA:0,(anonymous_0)
FNDA:0,(anonymous_1)
DA:1,1
DA:3,1
DA:45,1
DA:46,0
DA:56,1
DA:57,0
DA:58,0
DA:63,0
DA:66,1
DA:67,1
LF:10
LH:6
BRDA:57,0,0,0
BRDA:57,0,1,0
BRF:2
BRH:0
end_of_record
