TN:
SF:controllers\categoryController.js
FN:4,(anonymous_0)
FN:45,(anonymous_1)
FN:67,(anonymous_2)
FN:97,(anonymous_3)
FN:139,(anonymous_4)
FNF:5
FNH:5
FNDA:4,(anonymous_0)
FNDA:2,(anonymous_1)
FNDA:3,(anonymous_2)
FNDA:4,(anonymous_3)
FNDA:3,(anonymous_4)
DA:1,1
DA:3,1
DA:5,4
DA:6,4
DA:8,4
DA:9,1
DA:15,3
DA:25,1
DA:30,2
DA:31,1
DA:37,1
DA:46,2
DA:48,2
DA:54,1
DA:59,1
DA:68,3
DA:69,3
DA:77,2
DA:78,1
DA:84,1
DA:89,1
DA:98,4
DA:100,4
DA:106,3
DA:107,1
DA:113,2
DA:119,1
DA:124,2
DA:125,1
DA:131,1
DA:140,3
DA:141,3
DA:147,2
DA:148,1
DA:154,1
DA:156,1
DA:161,1
DA:170,1
LF:38
LH:38
BRDA:8,0,0,1
BRDA:8,0,1,3
BRDA:30,1,0,1
BRDA:30,1,1,1
BRDA:77,2,0,1
BRDA:77,2,1,1
BRDA:106,3,0,1
BRDA:106,3,1,2
BRDA:124,4,0,1
BRDA:124,4,1,1
BRDA:147,5,0,1
BRDA:147,5,1,1
BRF:12
BRH:12
end_of_record
TN:
SF:controllers\walletController.js
FN:6,(anonymous_0)
FN:45,(anonymous_1)
FN:63,(anonymous_2)
FN:91,(anonymous_3)
FN:128,(anonymous_4)
FN:185,(anonymous_5)
FNF:6
FNH:6
FNDA:3,(anonymous_0)
FNDA:1,(anonymous_1)
FNDA:2,(anonymous_2)
FNDA:2,(anonymous_3)
FNDA:3,(anonymous_4)
FNDA:3,(anonymous_5)
DA:1,1
DA:2,1
DA:3,1
DA:4,1
DA:6,1
DA:7,3
DA:8,3
DA:11,3
DA:12,1
DA:18,2
DA:23,2
DA:31,2
DA:38,0
DA:45,1
DA:46,1
DA:47,1
DA:49,1
DA:56,0
DA:63,1
DA:64,2
DA:65,2
DA:70,2
DA:71,1
DA:77,1
DA:84,0
DA:91,1
DA:92,2
DA:93,2
DA:95,2
DA:100,2
DA:101,1
DA:107,1
DA:108,1
DA:109,1
DA:110,1
DA:112,1
DA:114,1
DA:121,0
DA:128,1
DA:129,3
DA:130,3
DA:132,3
DA:133,3
DA:138,3
DA:139,0
DA:140,0
DA:146,3
DA:147,1
DA:148,1
DA:155,2
DA:159,2
DA:160,1
DA:161,1
DA:167,1
DA:168,1
DA:170,1
DA:175,0
DA:176,0
DA:181,3
DA:185,1
DA:186,3
DA:187,3
DA:192,3
DA:193,1
DA:200,2
DA:216,2
DA:231,2
DA:240,0
LF:68
LH:59
BRDA:11,0,0,1
BRDA:11,0,1,2
BRDA:11,1,0,3
BRDA:11,1,1,2
BRDA:70,2,0,1
BRDA:70,2,1,1
BRDA:100,3,0,1
BRDA:100,3,1,1
BRDA:107,4,0,1
BRDA:107,4,1,0
BRDA:108,5,0,1
BRDA:108,5,1,0
BRDA:109,6,0,1
BRDA:109,6,1,0
BRDA:110,7,0,0
BRDA:110,7,1,1
BRDA:110,8,0,1
BRDA:110,8,1,0
BRDA:138,9,0,0
BRDA:138,9,1,3
BRDA:146,10,0,1
BRDA:146,10,1,2
BRDA:159,11,0,1
BRDA:159,11,1,1
BRDA:192,12,0,1
BRDA:192,12,1,2
BRDA:235,13,0,2
BRDA:235,13,1,1
BRDA:236,14,0,2
BRDA:236,14,1,1
BRF:30
BRH:24
end_of_record
